Using pre-set license
Built from '2021.2/staging' branch; Version is '2021.2.0b7 (f7def5121c60) revision 16244469'; Using compiler version '192829333'; Build Type 'Release'
OS: 'Windows 10 Enterprise; OS build 19043.1415; Version 2009; 64bit' Language: 'en' Physical Memory: 32590 MB
BatchMode: 1, IsHumanControllingUs: 0, StartBugReporterOnCrash: 0, Is64bit: 1, IsPro: 0

COMMAND LINE ARGUMENTS:
C:\Program Files\Unity 2021.2.0b7\Editor\Unity.exe
-adb2
-batchMode
-noUpm
-name
AssetImportWorker0
-projectPath
C:/Users/co309531/Individual Project CH
-logFile
Logs/AssetImportWorker0.log
-srvPort
59108
Successfully changed project path to: C:/Users/co309531/Individual Project CH
C:/Users/co309531/Individual Project CH
[UnityMemory] Configuration Parameters - Can be set up in boot.config
    "memorysetup-bucket-allocator-granularity=16"
    "memorysetup-bucket-allocator-bucket-count=8"
    "memorysetup-bucket-allocator-block-size=33554432"
    "memorysetup-bucket-allocator-block-count=8"
    "memorysetup-main-allocator-block-size=16777216"
    "memorysetup-thread-allocator-block-size=16777216"
    "memorysetup-gfx-main-allocator-block-size=16777216"
    "memorysetup-gfx-thread-allocator-block-size=16777216"
    "memorysetup-cache-allocator-block-size=4194304"
    "memorysetup-typetree-allocator-block-size=2097152"
    "memorysetup-profiler-bucket-allocator-granularity=16"
    "memorysetup-profiler-bucket-allocator-bucket-count=8"
    "memorysetup-profiler-bucket-allocator-block-size=33554432"
    "memorysetup-profiler-bucket-allocator-block-count=8"
    "memorysetup-profiler-allocator-block-size=16777216"
    "memorysetup-profiler-editor-allocator-block-size=1048576"
    "memorysetup-temp-allocator-size-main=16777216"
    "memorysetup-job-temp-allocator-block-size=2097152"
    "memorysetup-job-temp-allocator-block-size-background=1048576"
    "memorysetup-job-temp-allocator-reduction-small-platforms=262144"
    "memorysetup-temp-allocator-size-background-worker=32768"
    "memorysetup-temp-allocator-size-job-worker=262144"
    "memorysetup-temp-allocator-size-preload-manager=33554432"
    "memorysetup-temp-allocator-size-nav-mesh-worker=65536"
    "memorysetup-temp-allocator-size-audio-worker=65536"
    "memorysetup-temp-allocator-size-cloud-worker=32768"
    "memorysetup-temp-allocator-size-gi-baking-worker=262144"
    "memorysetup-temp-allocator-size-gfx=262144"
Refreshing native plugins compatible for Editor in 87.51 ms, found 4 plugins.
Preloading 0 native plugins for Editor in 0.00 ms.
Initialize engine version: 2021.2.0b7 (f7def5121c60)
[Subsystems] Discovering subsystems at path C:/Program Files/Unity 2021.2.0b7/Editor/Data/Resources/UnitySubsystems
[Subsystems] Discovering subsystems at path C:/Users/co309531/Individual Project CH/Assets
GfxDevice: creating device client; threaded=0; jobified=0
Direct3D:
    Version:  Direct3D 11.0 [level 11.1]
    Renderer: NVIDIA GeForce RTX 2080 (ID=0x1e87)
    Vendor:   NVIDIA
    VRAM:     8010 MB
    Driver:   27.21.14.5751
Initialize mono
Mono path[0] = 'C:/Program Files/Unity 2021.2.0b7/Editor/Data/Managed'
Mono path[1] = 'C:/Program Files/Unity 2021.2.0b7/Editor/Data/MonoBleedingEdge/lib/mono/unityjit-win32'
Mono config path = 'C:/Program Files/Unity 2021.2.0b7/Editor/Data/MonoBleedingEdge/etc'
Using monoOptions --debugger-agent=transport=dt_socket,embedding=1,server=y,suspend=n,address=127.0.0.1:56036
Begin MonoManager ReloadAssembly
Registering precompiled unity dll's ...
Register platform support module: C:/Program Files/Unity 2021.2.0b7/Editor/Data/PlaybackEngines/WebGLSupport/UnityEditor.WebGL.Extensions.dll
Register platform support module: C:/Program Files/Unity 2021.2.0b7/Editor/Data/PlaybackEngines/MacStandaloneSupport/UnityEditor.OSXStandalone.Extensions.dll
Register platform support module: C:/Program Files/Unity 2021.2.0b7/Editor/Data/PlaybackEngines/WindowsStandaloneSupport/UnityEditor.WindowsStandalone.Extensions.dll
Register platform support module: C:/Program Files/Unity 2021.2.0b7/Editor/Data/PlaybackEngines/LinuxStandaloneSupport/UnityEditor.LinuxStandalone.Extensions.dll
Register platform support module: C:/Program Files/Unity 2021.2.0b7/Editor/Data/PlaybackEngines/LuminSupport/UnityEditor.Lumin.Extensions.dll
Registered in 0.007309 seconds.
Native extension for Lumin target not found
Native extension for LinuxStandalone target not found
Native extension for WindowsStandalone target not found
Native extension for OSXStandalone target not found
Native extension for WebGL target not found
Refreshing native plugins compatible for Editor in 82.07 ms, found 4 plugins.
Preloading 0 native plugins for Editor in 0.00 ms.
Mono: successfully reloaded assembly
- Completed reload, in  1.178 seconds
Domain Reload Profiling:
	ReloadAssembly (1206ms)
		BeginReloadAssembly (69ms)
			ExecutionOrderSort (0ms)
			DisableScriptedObjects (0ms)
			BackupInstance (0ms)
			ReleaseScriptingObjects (0ms)
			CreateAndSetChildDomain (1ms)
		EndReloadAssembly (525ms)
			LoadAssemblies (67ms)
			RebuildTransferFunctionScriptingTraits (0ms)
			SetupTypeCache (183ms)
			ReleaseScriptCaches (0ms)
			RebuildScriptCaches (22ms)
			SetupLoadedEditorAssemblies (242ms)
				LogAssemblyErrors (0ms)
				InitializePlatformSupportModulesInManaged (12ms)
				SetLoadedEditorAssemblies (0ms)
				RefreshPlugins (82ms)
				BeforeProcessingInitializeOnLoad (1ms)
				ProcessInitializeOnLoadAttributes (108ms)
				ProcessInitializeOnLoadMethodAttributes (39ms)
				AfterProcessingInitializeOnLoad (0ms)
				EditorAssembliesLoaded (0ms)
			ExecutionOrderSort2 (0ms)
			AwakeInstancesAfterBackupRestoration (0ms)
Platform modules already initialized, skipping
Registering precompiled user dll's ...
Registered in 0.007704 seconds.
Begin MonoManager ReloadAssembly
Symbol file LoadedFromMemory doesn't match image C:\Users\co309531\Individual Project CH\Library\PackageCache\com.unity.visualscripting@1.7.2\Editor\VisualScripting.Core\Dependencies\YamlDotNet\Unity.VisualScripting.YamlDotNet.dll
Symbol file LoadedFromMemory doesn't match image C:\Users\co309531\Individual Project CH\Library\PackageCache\com.unity.visualscripting@1.7.2\Editor\VisualScripting.Core\Dependencies\DotNetZip\Unity.VisualScripting.IonicZip.dll
Native extension for Lumin target not found
Native extension for LinuxStandalone target not found
Native extension for WindowsStandalone target not found
Native extension for OSXStandalone target not found
Native extension for WebGL target not found
Refreshing native plugins compatible for Editor in 88.87 ms, found 4 plugins.
Preloading 0 native plugins for Editor in 0.00 ms.
[com.unity.burst] Burst is disabled entirely, either from the command line or because this is not the main Unity process
UnityEngine.StackTraceUtility:ExtractStackTrace ()
UnityEngine.DebugLogHandler:LogFormat (UnityEngine.LogType,UnityEngine.Object,string,object[])
UnityEngine.Logger:Log (UnityEngine.LogType,object)
UnityEngine.Debug:LogWarning (object)
Unity.Burst.Editor.BurstLoader:.cctor () (at Library/PackageCache/com.unity.burst@1.6.0-pre.2/Editor/BurstLoader.cs:107)
System.Runtime.CompilerServices.RuntimeHelpers:RunClassConstructor (System.RuntimeTypeHandle)
UnityEditor.EditorAssemblies:ProcessInitializeOnLoadAttributes (System.Type[])

(Filename: Library/PackageCache/com.unity.burst@1.6.0-pre.2/Editor/BurstLoader.cs Line: 107)

Mono: successfully reloaded assembly
- Completed reload, in  1.384 seconds
Domain Reload Profiling:
	ReloadAssembly (1537ms)
		BeginReloadAssembly (162ms)
			ExecutionOrderSort (0ms)
			DisableScriptedObjects (5ms)
			BackupInstance (0ms)
			ReleaseScriptingObjects (0ms)
			CreateAndSetChildDomain (25ms)
		EndReloadAssembly (1284ms)
			LoadAssemblies (77ms)
			RebuildTransferFunctionScriptingTraits (0ms)
			SetupTypeCache (377ms)
			ReleaseScriptCaches (1ms)
			RebuildScriptCaches (41ms)
			SetupLoadedEditorAssemblies (538ms)
				LogAssemblyErrors (0ms)
				InitializePlatformSupportModulesInManaged (15ms)
				SetLoadedEditorAssemblies (0ms)
				RefreshPlugins (89ms)
				BeforeProcessingInitializeOnLoad (88ms)
				ProcessInitializeOnLoadAttributes (309ms)
				ProcessInitializeOnLoadMethodAttributes (29ms)
				AfterProcessingInitializeOnLoad (7ms)
				EditorAssembliesLoaded (0ms)
			ExecutionOrderSort2 (0ms)
			AwakeInstancesAfterBackupRestoration (6ms)
Platform modules already initialized, skipping
========================================================================
Worker process is ready to serve import requests
Launched and connected shader compiler UnityShaderCompiler.exe after 0.13 seconds
Refreshing native plugins compatible for Editor in 1.42 ms, found 4 plugins.
Preloading 0 native plugins for Editor in 0.00 ms.
Unloading 3782 Unused Serialized files (Serialized files now loaded: 0)
Unloading 37 unused Assets / (55.4 KB). Loaded Objects now: 4241.
Memory consumption went from 145.2 MB to 145.2 MB.
Total: 3.429600 ms (FindLiveObjects: 0.276000 ms CreateObjectMapping: 0.200800 ms MarkObjects: 2.891400 ms  DeleteObjects: 0.060500 ms)

AssetImportParameters requested are different than current active one (requested -> active):
  custom:framework-win-MediaFoundation: 216162199b28c13a410421893ffa2e32 -> 
  custom:video-decoder-ogg-theora: a1e56fd34408186e4bbccfd4996cb3dc -> 
  custom:container-muxer-webm: aa71ff27fc2769a1b78a27578f13a17b -> 
  custom:container-demuxer-webm: 4f35f7cbe854078d1ac9338744f61a02 -> 
  custom:video-encoder-webm-vp8: eb34c28f22e8b96e1ab97ce403110664 -> 
  custom:container-demuxer-ogg: 62fdf1f143b41e24485cea50d1cbac27 -> 
  custom:audio-decoder-ogg-vorbis: bf7c407c2cedff20999df2af8eb42d56 -> 
  custom:video-decoder-webm-vp8: 9c59270c3fd7afecdb556c50c9e8de78 -> 
  custom:audio-encoder-webm-vorbis: bf7c407c2cedff20999df2af8eb42d56 -> 
========================================================================
Received Import Request.
  Time since last request: 60259.727015 seconds.
  path: Assets/Scenes
  artifactKey: Guid(6354e1076c1e1b746b9f3fc1225b8f3a) Importer(815301076,1909f56bfc062723c751e8b465ee728b)
Start importing Assets/Scenes using Guid(6354e1076c1e1b746b9f3fc1225b8f3a) Importer(815301076,1909f56bfc062723c751e8b465ee728b)  -> (artifact id: '53deb4e2cc23a1586729daab0e453287') in 0.010984 seconds 
========================================================================
Received Import Request.
  Time since last request: 791.419831 seconds.
  path: Assets/Rock BG.png
  artifactKey: Guid(a1178ada99fe5374387fd7dee185080a) Importer(815301076,1909f56bfc062723c751e8b465ee728b)
Start importing Assets/Rock BG.png using Guid(a1178ada99fe5374387fd7dee185080a) Importer(815301076,1909f56bfc062723c751e8b465ee728b)  -> (artifact id: '00f3a16da626b6ce3b224347c0b9e8d4') in 0.161662 seconds 
========================================================================
Received Import Request.
  Time since last request: 0.000023 seconds.
  path: Assets/Treasure.png
  artifactKey: Guid(3f429f887fc0a8b48b7b2ddca9de2ee4) Importer(815301076,1909f56bfc062723c751e8b465ee728b)
Start importing Assets/Treasure.png using Guid(3f429f887fc0a8b48b7b2ddca9de2ee4) Importer(815301076,1909f56bfc062723c751e8b465ee728b)  -> (artifact id: '7208533e60a37997ee5ca5213cebba7d') in 0.025607 seconds 
========================================================================
Received Import Request.
  Time since last request: 0.000026 seconds.
  path: Assets/Rock Tile 1.jpg
  artifactKey: Guid(b0d6ae4615eab154299abcbffa8dcd86) Importer(815301076,1909f56bfc062723c751e8b465ee728b)
Start importing Assets/Rock Tile 1.jpg using Guid(b0d6ae4615eab154299abcbffa8dcd86) Importer(815301076,1909f56bfc062723c751e8b465ee728b)  -> (artifact id: '9e4c3f00121d607b9161791b1f0ebd2c') in 0.052541 seconds 
========================================================================
Received Import Request.
  Time since last request: 0.000019 seconds.
  path: Assets/Rock Tile 2.png
  artifactKey: Guid(77bab175bc9401449904ec16c8436890) Importer(815301076,1909f56bfc062723c751e8b465ee728b)
Start importing Assets/Rock Tile 2.png using Guid(77bab175bc9401449904ec16c8436890) Importer(815301076,1909f56bfc062723c751e8b465ee728b)  -> (artifact id: 'a0e58105630e48f4e116eb6f853f4a5a') in 0.155790 seconds 
========================================================================
Received Import Request.
  Time since last request: 3.204880 seconds.
  path: Assets
  artifactKey: Guid(00000000000000001000000000000000) Importer(815301076,1909f56bfc062723c751e8b465ee728b)
Start importing Assets using Guid(00000000000000001000000000000000) Importer(815301076,1909f56bfc062723c751e8b465ee728b)  -> (artifact id: '31858aa9811287a817ef9c584839beb1') in 0.006813 seconds 
========================================================================
Received Import Request.
  Time since last request: 15.180885 seconds.
  path: Assets/Art
  artifactKey: Guid(b6686600b91ea174a923046d297f4820) Importer(815301076,1909f56bfc062723c751e8b465ee728b)
Start importing Assets/Art using Guid(b6686600b91ea174a923046d297f4820) Importer(815301076,1909f56bfc062723c751e8b465ee728b)  -> (artifact id: '87d672befcf06b0f035fe904f0722744') in 0.006689 seconds 
========================================================================
Received Import Request.
  Time since last request: 226.155030 seconds.
  path: Assets/Art/New Rule Tile.asset
  artifactKey: Guid(e6bfa2a716e6e044cb6dedca8f88f8cd) Importer(815301076,1909f56bfc062723c751e8b465ee728b)
Start importing Assets/Art/New Rule Tile.asset using Guid(e6bfa2a716e6e044cb6dedca8f88f8cd) Importer(815301076,1909f56bfc062723c751e8b465ee728b)  -> (artifact id: 'c7fccf5a1e76bf131bd354cb53837f1d') in 0.014965 seconds 
========================================================================
Received Import Request.
  Time since last request: 17.545603 seconds.
  path: Assets/Art/New Hexagonal Rule Tile.asset
  artifactKey: Guid(cc742dfed5963454c8847525c48e08e1) Importer(815301076,1909f56bfc062723c751e8b465ee728b)
Start importing Assets/Art/New Hexagonal Rule Tile.asset using Guid(cc742dfed5963454c8847525c48e08e1) Importer(815301076,1909f56bfc062723c751e8b465ee728b)  -> (artifact id: 'd66b759b3de16d48dbdf0999bf351a07') in 0.010387 seconds 
========================================================================
Received Import Request.
  Time since last request: 34.640767 seconds.
  path: Assets/Art/New Animated Tile.asset
  artifactKey: Guid(ee61d529ca3a0f94899561752c62d547) Importer(815301076,1909f56bfc062723c751e8b465ee728b)
Start importing Assets/Art/New Animated Tile.asset using Guid(ee61d529ca3a0f94899561752c62d547) Importer(815301076,1909f56bfc062723c751e8b465ee728b)  -> (artifact id: 'e963a6bae101e87307149796839d3ed7') in 0.006852 seconds 
========================================================================
Received Prepare
Registering precompiled user dll's ...
Registered in 0.181872 seconds.
Begin MonoManager ReloadAssembly
Symbol file LoadedFromMemory doesn't match image C:\Users\co309531\Individual Project CH\Library\PackageCache\com.unity.visualscripting@1.7.2\Editor\VisualScripting.Core\Dependencies\YamlDotNet\Unity.VisualScripting.YamlDotNet.dll
Symbol file LoadedFromMemory doesn't match image C:\Users\co309531\Individual Project CH\Library\PackageCache\com.unity.visualscripting@1.7.2\Editor\VisualScripting.Core\Dependencies\DotNetZip\Unity.VisualScripting.IonicZip.dll
Native extension for Lumin target not found
Native extension for LinuxStandalone target not found
Native extension for WindowsStandalone target not found
Native extension for OSXStandalone target not found
Native extension for WebGL target not found
Refreshing native plugins compatible for Editor in 0.94 ms, found 4 plugins.
Preloading 0 native plugins for Editor in 0.00 ms.
[com.unity.burst] Burst is disabled entirely, either from the command line or because this is not the main Unity process
UnityEngine.StackTraceUtility:ExtractStackTrace ()
UnityEngine.DebugLogHandler:LogFormat (UnityEngine.LogType,UnityEngine.Object,string,object[])
UnityEngine.Logger:Log (UnityEngine.LogType,object)
UnityEngine.Debug:LogWarning (object)
Unity.Burst.Editor.BurstLoader:.cctor () (at Library/PackageCache/com.unity.burst@1.6.0-pre.2/Editor/BurstLoader.cs:107)
System.Runtime.CompilerServices.RuntimeHelpers:RunClassConstructor (System.RuntimeTypeHandle)
UnityEditor.EditorAssemblies:ProcessInitializeOnLoadAttributes (System.Type[])

(Filename: Library/PackageCache/com.unity.burst@1.6.0-pre.2/Editor/BurstLoader.cs Line: 107)

Mono: successfully reloaded assembly
- Completed reload, in  1.494 seconds
Domain Reload Profiling:
	ReloadAssembly (1543ms)
		BeginReloadAssembly (186ms)
			ExecutionOrderSort (0ms)
			DisableScriptedObjects (5ms)
			BackupInstance (0ms)
			ReleaseScriptingObjects (0ms)
			CreateAndSetChildDomain (42ms)
		EndReloadAssembly (1269ms)
			LoadAssemblies (121ms)
			RebuildTransferFunctionScriptingTraits (0ms)
			SetupTypeCache (600ms)
			ReleaseScriptCaches (1ms)
			RebuildScriptCaches (31ms)
			SetupLoadedEditorAssemblies (385ms)
				LogAssemblyErrors (0ms)
				InitializePlatformSupportModulesInManaged (16ms)
				SetLoadedEditorAssemblies (0ms)
				RefreshPlugins (1ms)
				BeforeProcessingInitializeOnLoad (63ms)
				ProcessInitializeOnLoadAttributes (276ms)
				ProcessInitializeOnLoadMethodAttributes (22ms)
				AfterProcessingInitializeOnLoad (7ms)
				EditorAssembliesLoaded (0ms)
			ExecutionOrderSort2 (0ms)
			AwakeInstancesAfterBackupRestoration (13ms)
Platform modules already initialized, skipping
Shader 'WFX/Transparent Specular': fallback shader 'Particles/Alpha Blended' not found
Shader 'WFX/Transparent Diffuse': fallback shader 'Particles/Alpha Blended' not found
Shader 'WFX/Transparent Diffuse': fallback shader 'Particles/Alpha Blended' not found
Shader 'WFX/Transparent Specular': fallback shader 'Particles/Alpha Blended' not found
Refreshing native plugins compatible for Editor in 0.76 ms, found 4 plugins.
Preloading 0 native plugins for Editor in 0.00 ms.
Unloading 3794 Unused Serialized files (Serialized files now loaded: 0)
Unloading 36 unused Assets / (0.5 MB). Loaded Objects now: 4324.
Memory consumption went from 153.7 MB to 153.2 MB.
Total: 3.856200 ms (FindLiveObjects: 0.274400 ms CreateObjectMapping: 0.209000 ms MarkObjects: 3.109600 ms  DeleteObjects: 0.262400 ms)

AssetImportParameters requested are different than current active one (requested -> active):
  custom:framework-win-MediaFoundation: 216162199b28c13a410421893ffa2e32 -> 
  custom:video-decoder-ogg-theora: a1e56fd34408186e4bbccfd4996cb3dc -> 
  custom:container-muxer-webm: aa71ff27fc2769a1b78a27578f13a17b -> 
  custom:container-demuxer-webm: 4f35f7cbe854078d1ac9338744f61a02 -> 
  custom:video-encoder-webm-vp8: eb34c28f22e8b96e1ab97ce403110664 -> 
  custom:container-demuxer-ogg: 62fdf1f143b41e24485cea50d1cbac27 -> 
  custom:audio-decoder-ogg-vorbis: bf7c407c2cedff20999df2af8eb42d56 -> 
  custom:video-decoder-webm-vp8: 9c59270c3fd7afecdb556c50c9e8de78 -> 
  custom:audio-encoder-webm-vorbis: bf7c407c2cedff20999df2af8eb42d56 -> 
========================================================================
Received Import Request.
  Time since last request: 1313.937164 seconds.
  path: Assets/JMO Assets/WarFX
  artifactKey: Guid(bf67b04f7e403384eb93f422cf479252) Importer(815301076,1909f56bfc062723c751e8b465ee728b)
Start importing Assets/JMO Assets/WarFX using Guid(bf67b04f7e403384eb93f422cf479252) Importer(815301076,1909f56bfc062723c751e8b465ee728b)  -> (artifact id: '84a88152e13d745b8d3fede8682b7a6f') in 0.012435 seconds 
========================================================================
Received Import Request.
  Time since last request: 2.222978 seconds.
  path: Assets/JMO Assets/WarFX/_Effects
  artifactKey: Guid(71faefa77e7fc274fa230519616d3c3f) Importer(815301076,1909f56bfc062723c751e8b465ee728b)
Start importing Assets/JMO Assets/WarFX/_Effects using Guid(71faefa77e7fc274fa230519616d3c3f) Importer(815301076,1909f56bfc062723c751e8b465ee728b)  -> (artifact id: '26ec0c3f82938094d7c5d212e87ab3a2') in 0.005984 seconds 
========================================================================
Received Import Request.
  Time since last request: 1.965938 seconds.
  path: Assets/JMO Assets/WarFX/_Effects/Bullet Impacts
  artifactKey: Guid(6eccb7210bb2e95408062d2f52be5ac9) Importer(815301076,1909f56bfc062723c751e8b465ee728b)
Start importing Assets/JMO Assets/WarFX/_Effects/Bullet Impacts using Guid(6eccb7210bb2e95408062d2f52be5ac9) Importer(815301076,1909f56bfc062723c751e8b465ee728b)  -> (artifact id: 'ddcfec8a7a839ec4273cc2e010e8e57d') in 0.005825 seconds 
========================================================================
Received Import Request.
  Time since last request: 0.072387 seconds.
  path: Assets/JMO Assets/WarFX/_Effects/Bullet Impacts/WFX_BImpact Concrete NoCollision.prefab
  artifactKey: Guid(20b31fcfaed0cb842a56fbbe2419428f) Importer(815301076,1909f56bfc062723c751e8b465ee728b)
Start importing Assets/JMO Assets/WarFX/_Effects/Bullet Impacts/WFX_BImpact Concrete NoCollision.prefab using Guid(20b31fcfaed0cb842a56fbbe2419428f) Importer(815301076,1909f56bfc062723c751e8b465ee728b)  -> (artifact id: '15fd679370f0c6856e3de79ab072fd0c') in 0.086649 seconds 
========================================================================
Received Import Request.
  Time since last request: 0.000015 seconds.
  path: Assets/JMO Assets/WarFX/_Effects/Bullet Impacts/WFX_BImpact Wood NoCollision.prefab
  artifactKey: Guid(d39ab699aa314a147969fd483aa55205) Importer(815301076,1909f56bfc062723c751e8b465ee728b)
Start importing Assets/JMO Assets/WarFX/_Effects/Bullet Impacts/WFX_BImpact Wood NoCollision.prefab using Guid(d39ab699aa314a147969fd483aa55205) Importer(815301076,1909f56bfc062723c751e8b465ee728b)  -> (artifact id: 'd4adf8c2d779c6cb05ffa6b1c5331656') in 0.016560 seconds 
========================================================================
Received Import Request.
  Time since last request: 0.000018 seconds.
  path: Assets/JMO Assets/WarFX/_Effects/Bullet Impacts/WFX_BImpact Sand.prefab
  artifactKey: Guid(fc7f8379080d0a844ad699b91bfd56f0) Importer(815301076,1909f56bfc062723c751e8b465ee728b)
Start importing Assets/JMO Assets/WarFX/_Effects/Bullet Impacts/WFX_BImpact Sand.prefab using Guid(fc7f8379080d0a844ad699b91bfd56f0) Importer(815301076,1909f56bfc062723c751e8b465ee728b)  -> (artifact id: 'c1753b557eb76800285aede3deed6ae5') in 0.017183 seconds 
========================================================================
Received Import Request.
  Time since last request: 0.000017 seconds.
  path: Assets/JMO Assets/WarFX/_Effects/Bullet Impacts/WFX_BImpact SoftBody.prefab
  artifactKey: Guid(3b1513bcb86426b4795879be6a128ed7) Importer(815301076,1909f56bfc062723c751e8b465ee728b)
Start importing Assets/JMO Assets/WarFX/_Effects/Bullet Impacts/WFX_BImpact SoftBody.prefab using Guid(3b1513bcb86426b4795879be6a128ed7) Importer(815301076,1909f56bfc062723c751e8b465ee728b)  -> (artifact id: 'f6822cbc8e2f3f4a61a722d4af58a91d') in 0.016141 seconds 
========================================================================
Received Import Request.
  Time since last request: 0.000023 seconds.
  path: Assets/JMO Assets/WarFX/_Effects/Bullet Impacts/WFX_BImpact Wood.prefab
  artifactKey: Guid(ac1aa04288fad804ba1cd769f4377aaf) Importer(815301076,1909f56bfc062723c751e8b465ee728b)
Start importing Assets/JMO Assets/WarFX/_Effects/Bullet Impacts/WFX_BImpact Wood.prefab using Guid(ac1aa04288fad804ba1cd769f4377aaf) Importer(815301076,1909f56bfc062723c751e8b465ee728b)  -> (artifact id: '7c3b89bde3c9cb9c452c6ebfd727d27c') in 0.016396 seconds 
========================================================================
Received Import Request.
  Time since last request: 0.000017 seconds.
  path: Assets/JMO Assets/WarFX/_Effects/Bullet Impacts/WFX_BImpact Dirt.prefab
  artifactKey: Guid(56bfc2f4b4a0c534c8ef3d0fd1124c44) Importer(815301076,1909f56bfc062723c751e8b465ee728b)
Start importing Assets/JMO Assets/WarFX/_Effects/Bullet Impacts/WFX_BImpact Dirt.prefab using Guid(56bfc2f4b4a0c534c8ef3d0fd1124c44) Importer(815301076,1909f56bfc062723c751e8b465ee728b)  -> (artifact id: 'd404e57e6ba1c76daa71ae0d84928e7f') in 0.016177 seconds 
========================================================================
Received Import Request.
  Time since last request: 0.000020 seconds.
  path: Assets/JMO Assets/WarFX/_Effects/Bullet Impacts/WFX_BImpact Metal.prefab
  artifactKey: Guid(00fedc70b62a31e448e8ccc298257b56) Importer(815301076,1909f56bfc062723c751e8b465ee728b)
Start importing Assets/JMO Assets/WarFX/_Effects/Bullet Impacts/WFX_BImpact Metal.prefab using Guid(00fedc70b62a31e448e8ccc298257b56) Importer(815301076,1909f56bfc062723c751e8b465ee728b)  -> (artifact id: 'a26bf9ee4080c6895a09d441ec802749') in 0.022720 seconds 
========================================================================
Received Import Request.
  Time since last request: 0.000022 seconds.
  path: Assets/JMO Assets/WarFX/_Effects/Bullet Impacts/WFX_BImpact Concrete.prefab
  artifactKey: Guid(99c73c92ac40473459640b165473206f) Importer(815301076,1909f56bfc062723c751e8b465ee728b)
Start importing Assets/JMO Assets/WarFX/_Effects/Bullet Impacts/WFX_BImpact Concrete.prefab using Guid(99c73c92ac40473459640b165473206f) Importer(815301076,1909f56bfc062723c751e8b465ee728b)  -> (artifact id: '8ae3f4ec64958c9d601e69bbff92b954') in 0.014590 seconds 
========================================================================
Received Import Request.
  Time since last request: 2.113392 seconds.
  path: Assets/JMO Assets/WarFX/Desktop/Materials/Impacts/WFX_M_Impact Smoke.mat
  artifactKey: Guid(450dd918846b28b408e044f16f827449) Importer(815301076,1909f56bfc062723c751e8b465ee728b)
Start importing Assets/JMO Assets/WarFX/Desktop/Materials/Impacts/WFX_M_Impact Smoke.mat using Guid(450dd918846b28b408e044f16f827449) Importer(815301076,1909f56bfc062723c751e8b465ee728b)  -> (artifact id: '33f5418bcf7cdbf9df094835b7b1919d') in 0.049740 seconds 
========================================================================
Received Import Request.
  Time since last request: 0.075820 seconds.
  path: Assets/JMO Assets/WarFX/_Effects/Bullet Impacts/WFX_BImpact Concrete NoCollision.prefab
  artifactKey: Guid(20b31fcfaed0cb842a56fbbe2419428f) Importer(815301076,1909f56bfc062723c751e8b465ee728b)
Start importing Assets/JMO Assets/WarFX/_Effects/Bullet Impacts/WFX_BImpact Concrete NoCollision.prefab using Guid(20b31fcfaed0cb842a56fbbe2419428f) Importer(815301076,1909f56bfc062723c751e8b465ee728b)  -> (artifact id: '97c4775f04d39c8fc8209e4538933c67') in 0.012372 seconds 
========================================================================
Received Import Request.
  Time since last request: 14.596722 seconds.
  path: Assets/JMO Assets/WarFX/!WarFX Readme.txt
  artifactKey: Guid(8d452a2501eaf7c47b01213988e3e5ec) Importer(815301076,1909f56bfc062723c751e8b465ee728b)
Start importing Assets/JMO Assets/WarFX/!WarFX Readme.txt using Guid(8d452a2501eaf7c47b01213988e3e5ec) Importer(815301076,1909f56bfc062723c751e8b465ee728b)  -> (artifact id: 'fefc6a219c213a61b7a4fa0d4d2c4924') in 0.013386 seconds 
========================================================================
Received Import Request.
  Time since last request: 13.049323 seconds.
  path: Assets/JMO Assets/WarFX/_Effects/Explosions
  artifactKey: Guid(36660456b1cea8e4ea1a8ea790909fdc) Importer(815301076,1909f56bfc062723c751e8b465ee728b)
Start importing Assets/JMO Assets/WarFX/_Effects/Explosions using Guid(36660456b1cea8e4ea1a8ea790909fdc) Importer(815301076,1909f56bfc062723c751e8b465ee728b)  -> (artifact id: 'f63bc572534b97d64ebe55e1c37fe255') in 0.006365 seconds 
========================================================================
Received Import Request.
  Time since last request: 0.261475 seconds.
  path: Assets/JMO Assets/WarFX/_Effects/Explosions/WFX_Explosion LandMine.prefab
  artifactKey: Guid(6890a03af913b874092fbb1e8337747d) Importer(815301076,1909f56bfc062723c751e8b465ee728b)
Start importing Assets/JMO Assets/WarFX/_Effects/Explosions/WFX_Explosion LandMine.prefab using Guid(6890a03af913b874092fbb1e8337747d) Importer(815301076,1909f56bfc062723c751e8b465ee728b)  -> (artifact id: '24ed0ea54ef29818cfbf38fd5c427daa') in 0.022339 seconds 
========================================================================
Received Import Request.
  Time since last request: 0.000015 seconds.
  path: Assets/JMO Assets/WarFX/_Effects/Explosions/WFX_ExplosiveSmoke Small.prefab
  artifactKey: Guid(2e7e92bc7175b744ea40878dedfa79e4) Importer(815301076,1909f56bfc062723c751e8b465ee728b)
Start importing Assets/JMO Assets/WarFX/_Effects/Explosions/WFX_ExplosiveSmoke Small.prefab using Guid(2e7e92bc7175b744ea40878dedfa79e4) Importer(815301076,1909f56bfc062723c751e8b465ee728b)  -> (artifact id: 'd30c10ed9bd0f0c938f8d4398a101bc1') in 0.021557 seconds 
========================================================================
Received Import Request.
  Time since last request: 0.000015 seconds.
  path: Assets/JMO Assets/WarFX/_Effects/Explosions/WFX_ExplosiveSmokeGround Big.prefab
  artifactKey: Guid(06736895ea0a4ff408d25e6684dce797) Importer(815301076,1909f56bfc062723c751e8b465ee728b)
Start importing Assets/JMO Assets/WarFX/_Effects/Explosions/WFX_ExplosiveSmokeGround Big.prefab using Guid(06736895ea0a4ff408d25e6684dce797) Importer(815301076,1909f56bfc062723c751e8b465ee728b)  -> (artifact id: 'f0453a828814417edb3b874ce63012ab') in 0.019260 seconds 
========================================================================
Received Import Request.
  Time since last request: 0.000018 seconds.
  path: Assets/JMO Assets/WarFX/_Effects/Explosions/WFX_Nuke.prefab
  artifactKey: Guid(6ecf76dc4f268d340b2666896a954bcc) Importer(815301076,1909f56bfc062723c751e8b465ee728b)
Start importing Assets/JMO Assets/WarFX/_Effects/Explosions/WFX_Nuke.prefab using Guid(6ecf76dc4f268d340b2666896a954bcc) Importer(815301076,1909f56bfc062723c751e8b465ee728b)  -> (artifact id: 'd0af7fbb6c69b89fced214f15ed42ab0') in 0.021356 seconds 
========================================================================
Received Import Request.
  Time since last request: 0.000015 seconds.
  path: Assets/JMO Assets/WarFX/_Effects/Explosions/WFX_ExplosiveSmoke Big Alt.prefab
  artifactKey: Guid(e0609132424a24844b1d53ad3d704fd9) Importer(815301076,1909f56bfc062723c751e8b465ee728b)
Start importing Assets/JMO Assets/WarFX/_Effects/Explosions/WFX_ExplosiveSmoke Big Alt.prefab using Guid(e0609132424a24844b1d53ad3d704fd9) Importer(815301076,1909f56bfc062723c751e8b465ee728b)  -> (artifact id: '723df281b55474aa73fa06268da219d8') in 0.021177 seconds 
========================================================================
Received Import Request.
  Time since last request: 0.000015 seconds.
  path: Assets/JMO Assets/WarFX/_Effects/Explosions/WFX_ExplosiveSmokeGround Small.prefab
  artifactKey: Guid(7c442b9b6852b8a4f93306f3d154d471) Importer(815301076,1909f56bfc062723c751e8b465ee728b)
Start importing Assets/JMO Assets/WarFX/_Effects/Explosions/WFX_ExplosiveSmokeGround Small.prefab using Guid(7c442b9b6852b8a4f93306f3d154d471) Importer(815301076,1909f56bfc062723c751e8b465ee728b)  -> (artifact id: '32f6f29140a2c4abc4eab24b0a52d89f') in 0.022031 seconds 
========================================================================
Received Import Request.
  Time since last request: 0.000017 seconds.
  path: Assets/JMO Assets/WarFX/_Effects/Explosions/WFX_ExplosiveSmoke.prefab
  artifactKey: Guid(4575df893a6e3f64a8283dee38413a34) Importer(815301076,1909f56bfc062723c751e8b465ee728b)
Start importing Assets/JMO Assets/WarFX/_Effects/Explosions/WFX_ExplosiveSmoke.prefab using Guid(4575df893a6e3f64a8283dee38413a34) Importer(815301076,1909f56bfc062723c751e8b465ee728b)  -> (artifact id: 'd2841d6be6f3730c4afa591b027d00b9') in 0.020381 seconds 
========================================================================
Received Import Request.
  Time since last request: 0.000018 seconds.
  path: Assets/JMO Assets/WarFX/_Effects/Explosions/WFX_Explosion.prefab
  artifactKey: Guid(b46890100828db6429ff69c322b45893) Importer(815301076,1909f56bfc062723c751e8b465ee728b)
Start importing Assets/JMO Assets/WarFX/_Effects/Explosions/WFX_Explosion.prefab using Guid(b46890100828db6429ff69c322b45893) Importer(815301076,1909f56bfc062723c751e8b465ee728b)  -> (artifact id: 'fef62553c2475f46a715b06edd623617') in 0.042580 seconds 
========================================================================
Received Import Request.
  Time since last request: 0.000022 seconds.
  path: Assets/JMO Assets/WarFX/_Effects/Explosions/WFX_Explosion Simple.prefab
  artifactKey: Guid(7075bd5fe1480184695a32611c15da57) Importer(815301076,1909f56bfc062723c751e8b465ee728b)
Start importing Assets/JMO Assets/WarFX/_Effects/Explosions/WFX_Explosion Simple.prefab using Guid(7075bd5fe1480184695a32611c15da57) Importer(815301076,1909f56bfc062723c751e8b465ee728b)  -> (artifact id: '9e6468d41c3008e0f40128191113fd81') in 0.020466 seconds 
========================================================================
Received Import Request.
  Time since last request: 0.000017 seconds.
  path: Assets/JMO Assets/WarFX/_Effects/Explosions/WFX_ExplosiveSmoke Big.prefab
  artifactKey: Guid(1dbc518224e49f34095aab42fe05751a) Importer(815301076,1909f56bfc062723c751e8b465ee728b)
Start importing Assets/JMO Assets/WarFX/_Effects/Explosions/WFX_ExplosiveSmoke Big.prefab using Guid(1dbc518224e49f34095aab42fe05751a) Importer(815301076,1909f56bfc062723c751e8b465ee728b)  -> (artifact id: '6ab5c74cfc755cd5af168936fa18f5de') in 0.019349 seconds 
========================================================================
Received Import Request.
  Time since last request: 0.000014 seconds.
  path: Assets/JMO Assets/WarFX/_Effects/Explosions/WFX_Explosion Small.prefab
  artifactKey: Guid(5332791ebce075d4a9e56f4581e7fb47) Importer(815301076,1909f56bfc062723c751e8b465ee728b)
Start importing Assets/JMO Assets/WarFX/_Effects/Explosions/WFX_Explosion Small.prefab using Guid(5332791ebce075d4a9e56f4581e7fb47) Importer(815301076,1909f56bfc062723c751e8b465ee728b)  -> (artifact id: '37460272e50fb61e2d95b6e368e8c838') in 0.024011 seconds 
========================================================================
Received Import Request.
  Time since last request: 0.000018 seconds.
  path: Assets/JMO Assets/WarFX/_Effects/Explosions/WFX_ExplosiveSmokeGround.prefab
  artifactKey: Guid(93485fd5fc2ccf2439cb3239186f6382) Importer(815301076,1909f56bfc062723c751e8b465ee728b)
Start importing Assets/JMO Assets/WarFX/_Effects/Explosions/WFX_ExplosiveSmokeGround.prefab using Guid(93485fd5fc2ccf2439cb3239186f6382) Importer(815301076,1909f56bfc062723c751e8b465ee728b)  -> (artifact id: '522eb5573e8a69050ea0522421c3c024') in 0.019842 seconds 
========================================================================
Received Import Request.
  Time since last request: 0.000020 seconds.
  path: Assets/JMO Assets/WarFX/_Effects/Explosions/WFX_ExplosiveSmokeGround Big Alt.prefab
  artifactKey: Guid(3364c97de68d3a147af572d1c71c6455) Importer(815301076,1909f56bfc062723c751e8b465ee728b)
Start importing Assets/JMO Assets/WarFX/_Effects/Explosions/WFX_ExplosiveSmokeGround Big Alt.prefab using Guid(3364c97de68d3a147af572d1c71c6455) Importer(815301076,1909f56bfc062723c751e8b465ee728b)  -> (artifact id: '97b73734d5173b9115b607811f9ae40b') in 0.020126 seconds 
========================================================================
Received Import Request.
  Time since last request: 0.000016 seconds.
  path: Assets/JMO Assets/WarFX/_Effects/Explosions/WFX_Explosion StarSmoke.prefab
  artifactKey: Guid(a49596ebf788acd4ab1281bffea444b1) Importer(815301076,1909f56bfc062723c751e8b465ee728b)
Start importing Assets/JMO Assets/WarFX/_Effects/Explosions/WFX_Explosion StarSmoke.prefab using Guid(a49596ebf788acd4ab1281bffea444b1) Importer(815301076,1909f56bfc062723c751e8b465ee728b)  -> (artifact id: '7696210712eadeec44573568e767b6e5') in 0.024370 seconds 
